  main.cpp
E:\coursework\coursework\main.cpp(69,35): warning C4244: =: преобразование "double" в "float", возможна потеря данных
E:\coursework\coursework\main.cpp(135,55): warning C4244: аргумент: преобразование "int" в "float", возможна потеря данных
E:\coursework\coursework\main.cpp(135,35): warning C4244: аргумент: преобразование "int" в "float", возможна потеря данных
E:\coursework\coursework\main.cpp(168,41): warning C4244: аргумент: преобразование "int" в "float", возможна потеря данных
E:\coursework\coursework\main.cpp(178,101): warning C4244: аргумент: преобразование "int" в "T", возможна потеря данных
E:\coursework\coursework\main.cpp(178,101): warning C4244:         with
E:\coursework\coursework\main.cpp(178,101): warning C4244:         [
E:\coursework\coursework\main.cpp(178,101): warning C4244:             T=float
E:\coursework\coursework\main.cpp(178,101): warning C4244:         ]
E:\coursework\coursework\main.cpp(178,80): warning C4244: аргумент: преобразование "int" в "T", возможна потеря данных
E:\coursework\coursework\main.cpp(178,80): warning C4244:         with
E:\coursework\coursework\main.cpp(178,80): warning C4244:         [
E:\coursework\coursework\main.cpp(178,80): warning C4244:             T=float
E:\coursework\coursework\main.cpp(178,80): warning C4244:         ]
E:\coursework\coursework\main.cpp(220,87): warning C4244: аргумент: преобразование "int" в "T", возможна потеря данных
E:\coursework\coursework\main.cpp(220,87): warning C4244:         with
E:\coursework\coursework\main.cpp(220,87): warning C4244:         [
E:\coursework\coursework\main.cpp(220,87): warning C4244:             T=float
E:\coursework\coursework\main.cpp(220,87): warning C4244:         ]
E:\coursework\coursework\main.cpp(220,66): warning C4244: аргумент: преобразование "int" в "T", возможна потеря данных
E:\coursework\coursework\main.cpp(220,66): warning C4244:         with
E:\coursework\coursework\main.cpp(220,66): warning C4244:         [
E:\coursework\coursework\main.cpp(220,66): warning C4244:             T=float
E:\coursework\coursework\main.cpp(220,66): warning C4244:         ]
E:\coursework\coursework\main.cpp(238,35): warning C4244: =: преобразование "int" в "float", возможна потеря данных
E:\coursework\coursework\main.cpp(268,19): warning C4244: инициализация: преобразование "double" в "int", возможна потеря данных
E:\coursework\coursework\main.cpp(269,19): warning C4244: инициализация: преобразование "double" в "int", возможна потеря данных
E:\coursework\coursework\main.cpp(270,19): warning C4244: инициализация: преобразование "double" в "int", возможна потеря данных
E:\coursework\coursework\main.cpp(300,74): warning C4244: аргумент: преобразование "size_t" в "float", возможна потеря данных
  coursework.vcxproj -> E:\coursework\x64\Debug\coursework.exe
